app/build/outputs/logs/manifest-merger-debug-report.txt
-- Merging decision tree log ---
manifest
ADDED from src/main/AndroidManifest.xml:2:1-24:12
	xmlns:android
		ADDED from src/main/AndroidManifest.xml:2:11-69
	package
		ADDED from src/main/AndroidManifest.xml:3:7-45
		INJECTED from src/main/AndroidManifest.xml
		INJECTED from src/main/AndroidManifest.xml
	android:versionName
		ADDED from src/main/AndroidManifest.xml:4:7-34
		INJECTED from src/main/AndroidManifest.xml
		INJECTED from src/main/AndroidManifest.xml
	android:versionCode
		ADDED from src/main/AndroidManifest.xml:4:35-59
		INJECTED from src/main/AndroidManifest.xml
		INJECTED from src/main/AndroidManifest.xml
	android:installLocation
		ADDED from src/main/AndroidManifest.xml:2:70-100
uses-sdk
ADDED from src/main/AndroidManifest.xml:5:5-73
	android:targetSdkVersion
		ADDED from src/main/AndroidManifest.xml:5:41-70
		INJECTED from src/main/AndroidManifest.xml
		INJECTED from src/main/AndroidManifest.xml
	android:minSdkVersion
		ADDED from src/main/AndroidManifest.xml:5:15-40
		INJECTED from src/main/AndroidManifest.xml
		INJECTED from src/main/AndroidManifest.xml
application
ADDED from src/main/AndroidManifest.xml:7:5-22:15
	android:label
		ADDED from src/main/AndroidManifest.xml:9:9-41
	android:allowBackup
		ADDED from src/main/AndroidManifest.xml:11:9-35
	android:icon
		ADDED from src/main/AndroidManifest.xml:8:9-38
	android:theme
		ADDED from src/main/AndroidManifest.xml:10:9-45
activity#com.dozingcatsoftware.bouncy.BouncyActivity
ADDED from src/main/AndroidManifest.xml:12:9-18:20
	android:screenOrientation
		ADDED from src/main/AndroidManifest.xml:13:112-148
	android:label
		ADDED from src/main/AndroidManifest.xml:13:19-51
	android:configChanges
		ADDED from src/main/AndroidManifest.xml:13:52-111
	android:name
		ADDED from src/main/AndroidManifest.xml:12:19-49
intent-filter#android.intent.action.MAIN+android.intent.category.LAUNCHER
ADDED from src/main/AndroidManifest.xml:14:13-17:29
action#android.intent.action.MAIN
ADDED from src/main/AndroidManifest.xml:15:17-69
	android:name
		ADDED from src/main/AndroidManifest.xml:15:25-66
category#android.intent.category.LAUNCHER
ADDED from src/main/AndroidManifest.xml:16:17-77
	android:name
		ADDED from src/main/AndroidManifest.xml:16:27-74
activity#com.dozingcatsoftware.bouncy.AboutActivity
ADDED from src/main/AndroidManifest.xml:20:5-55
	android:name
		ADDED from src/main/AndroidManifest.xml:20:15-43
activity#com.dozingcatsoftware.bouncy.BouncyPreferences
ADDED from src/main/AndroidManifest.xml:21:5-59
	android:name
		ADDED from src/main/AndroidManifest.xml:21:15-47